mode: set
github.com/wayneeseguin/flexlog/examples/basic/main.go:10.13,13.16 2 0
github.com/wayneeseguin/flexlog/examples/basic/main.go:13.16,15.3 1 0
github.com/wayneeseguin/flexlog/examples/basic/main.go:16.2,62.54 17 0
github.com/wayneeseguin/flexlog/examples/context-aware/main.go:15.13,17.16 2 0
github.com/wayneeseguin/flexlog/examples/context-aware/main.go:17.16,19.3 1 0
github.com/wayneeseguin/flexlog/examples/context-aware/main.go:20.2,26.25 3 0
github.com/wayneeseguin/flexlog/examples/context-aware/main.go:26.25,30.3 3 0
github.com/wayneeseguin/flexlog/examples/context-aware/main.go:32.2,32.64 1 0
github.com/wayneeseguin/flexlog/examples/context-aware/main.go:35.63,63.47 8 0
github.com/wayneeseguin/flexlog/examples/context-aware/main.go:63.47,69.3 2 0
github.com/wayneeseguin/flexlog/examples/context-aware/main.go:71.2,76.57 2 0
github.com/wayneeseguin/flexlog/examples/context-aware/main.go:76.57,81.3 1 0
github.com/wayneeseguin/flexlog/examples/context-aware/main.go:84.2,84.26 1 0
github.com/wayneeseguin/flexlog/examples/context-aware/main.go:84.26,89.10 3 0
github.com/wayneeseguin/flexlog/examples/context-aware/main.go:90.21,95.10 2 0
github.com/wayneeseguin/flexlog/examples/context-aware/main.go:96.11,96.11 0 0
github.com/wayneeseguin/flexlog/examples/context-aware/main.go:100.2,108.4 2 0
github.com/wayneeseguin/flexlog/examples/context-aware/main.go:111.68,125.9 4 0
github.com/wayneeseguin/flexlog/examples/context-aware/main.go:126.43,137.13 3 0
github.com/wayneeseguin/flexlog/examples/context-aware/main.go:138.20,144.19 2 0
github.com/wayneeseguin/flexlog/examples/context-aware/main.go:148.78,161.9 4 0
github.com/wayneeseguin/flexlog/examples/context-aware/main.go:162.43,173.13 3 0
github.com/wayneeseguin/flexlog/examples/context-aware/main.go:174.20,180.19 2 0
github.com/wayneeseguin/flexlog/examples/context-aware/main.go:184.47,185.57 1 0
github.com/wayneeseguin/flexlog/examples/context-aware/main.go:185.57,187.3 1 0
github.com/wayneeseguin/flexlog/examples/context-aware/main.go:188.2,188.18 1 0
github.com/wayneeseguin/flexlog/examples/performance-optimized/main.go:13.13,16.16 2 0
github.com/wayneeseguin/flexlog/examples/performance-optimized/main.go:16.16,18.3 1 0
github.com/wayneeseguin/flexlog/examples/performance-optimized/main.go:19.2,32.29 7 0
github.com/wayneeseguin/flexlog/examples/performance-optimized/main.go:32.29,38.18 3 0
github.com/wayneeseguin/flexlog/examples/performance-optimized/main.go:38.18,43.4 1 0
github.com/wayneeseguin/flexlog/examples/performance-optimized/main.go:46.2,57.37 8 0
github.com/wayneeseguin/flexlog/examples/performance-optimized/main.go:57.37,59.28 2 0
github.com/wayneeseguin/flexlog/examples/performance-optimized/main.go:59.28,62.48 2 0
github.com/wayneeseguin/flexlog/examples/performance-optimized/main.go:62.48,68.19 3 0
github.com/wayneeseguin/flexlog/examples/performance-optimized/main.go:68.19,74.6 1 0
github.com/wayneeseguin/flexlog/examples/performance-optimized/main.go:79.2,90.28 7 0
github.com/wayneeseguin/flexlog/examples/performance-optimized/main.go:90.28,93.18 3 0
github.com/wayneeseguin/flexlog/examples/performance-optimized/main.go:93.18,95.4 1 0
github.com/wayneeseguin/flexlog/examples/performance-optimized/main.go:98.2,104.28 4 0
github.com/wayneeseguin/flexlog/examples/performance-optimized/main.go:104.28,107.18 3 0
github.com/wayneeseguin/flexlog/examples/performance-optimized/main.go:107.18,109.4 1 0
github.com/wayneeseguin/flexlog/examples/performance-optimized/main.go:112.2,126.28 10 0
github.com/wayneeseguin/flexlog/examples/performance-optimized/main.go:126.28,132.3 1 0
github.com/wayneeseguin/flexlog/examples/performance-optimized/main.go:134.2,153.56 11 0
github.com/wayneeseguin/flexlog/examples/multiple-destinations/main.go:11.13,13.50 1 0
github.com/wayneeseguin/flexlog/examples/multiple-destinations/main.go:13.50,15.3 1 0
github.com/wayneeseguin/flexlog/examples/multiple-destinations/main.go:18.2,19.16 2 0
github.com/wayneeseguin/flexlog/examples/multiple-destinations/main.go:19.16,21.3 1 0
github.com/wayneeseguin/flexlog/examples/multiple-destinations/main.go:22.2,29.16 4 0
github.com/wayneeseguin/flexlog/examples/multiple-destinations/main.go:29.16,31.3 1 0
github.com/wayneeseguin/flexlog/examples/multiple-destinations/main.go:32.2,40.26 4 0
github.com/wayneeseguin/flexlog/examples/multiple-destinations/main.go:40.26,55.16 3 0
github.com/wayneeseguin/flexlog/examples/multiple-destinations/main.go:55.16,61.4 1 0
github.com/wayneeseguin/flexlog/examples/multiple-destinations/main.go:64.3,64.16 1 0
github.com/wayneeseguin/flexlog/examples/multiple-destinations/main.go:64.16,75.4 2 0
github.com/wayneeseguin/flexlog/examples/multiple-destinations/main.go:78.3,78.14 1 0
github.com/wayneeseguin/flexlog/examples/multiple-destinations/main.go:78.14,91.4 2 0
github.com/wayneeseguin/flexlog/examples/multiple-destinations/main.go:93.3,93.36 1 0
github.com/wayneeseguin/flexlog/examples/multiple-destinations/main.go:97.2,105.71 5 0
github.com/wayneeseguin/flexlog/examples/advanced-features/main.go:13.13,15.50 1 0
github.com/wayneeseguin/flexlog/examples/advanced-features/main.go:15.50,17.3 1 0
github.com/wayneeseguin/flexlog/examples/advanced-features/main.go:20.2,21.16 2 0
github.com/wayneeseguin/flexlog/examples/advanced-features/main.go:21.16,23.3 1 0
github.com/wayneeseguin/flexlog/examples/advanced-features/main.go:24.2,50.28 11 0
github.com/wayneeseguin/flexlog/examples/advanced-features/main.go:50.28,51.17 1 0
github.com/wayneeseguin/flexlog/examples/advanced-features/main.go:51.17,53.4 1 0
github.com/wayneeseguin/flexlog/examples/advanced-features/main.go:55.3,62.16 2 0
github.com/wayneeseguin/flexlog/examples/advanced-features/main.go:62.16,69.4 1 0
github.com/wayneeseguin/flexlog/examples/advanced-features/main.go:73.2,74.16 2 0
github.com/wayneeseguin/flexlog/examples/advanced-features/main.go:74.16,80.3 1 0
github.com/wayneeseguin/flexlog/examples/advanced-features/main.go:82.2,83.61 2 0
github.com/wayneeseguin/flexlog/examples/advanced-features/main.go:86.44,125.2 11 0
github.com/wayneeseguin/flexlog/examples/advanced-features/main.go:127.35,129.2 1 0
github.com/wayneeseguin/flexlog/examples/advanced-features/main.go:131.46,134.19 3 0
github.com/wayneeseguin/flexlog/examples/advanced-features/main.go:134.19,136.3 1 0
github.com/wayneeseguin/flexlog/examples/advanced-features/main.go:137.2,137.18 1 0
